c:\users\zeesh\source\repos\deltoshell\commonutils\debug\commonutils.pch
c:\users\zeesh\source\repos\deltoshell\commonutils\debug\commonutils.pdb
c:\users\zeesh\source\repos\deltoshell\commonutils\debug\commonutils.idb
c:\users\zeesh\source\repos\deltoshell\commonutils\debug\stdafx.obj
c:\users\zeesh\source\repos\deltoshell\commonutils\debug\scopedhandle.obj
c:\users\zeesh\source\repos\deltoshell\commonutils\debug\reparsepoint.obj
c:\users\zeesh\source\repos\deltoshell\commonutils\debug\registrysymlink.obj
c:\users\zeesh\source\repos\deltoshell\commonutils\debug\nativesymlink.obj
c:\users\zeesh\source\repos\deltoshell\commonutils\debug\hardlink.obj
c:\users\zeesh\source\repos\deltoshell\commonutils\debug\filesymlink.obj
c:\users\zeesh\source\repos\deltoshell\commonutils\debug\fileoplock.obj
c:\users\zeesh\source\repos\deltoshell\commonutils\debug\directoryobject.obj
c:\users\zeesh\source\repos\deltoshell\commonutils\debug\commonutils.obj
c:\users\zeesh\source\repos\deltoshell\output\commonutils.lib
c:\users\zeesh\source\repos\deltoshell\commonutils\..\output\commonutils.lib
c:\users\zeesh\source\repos\deltoshell\commonutils\debug\commonutils.tlog\cl.command.1.tlog
c:\users\zeesh\source\repos\deltoshell\commonutils\debug\commonutils.tlog\cl.read.1.tlog
c:\users\zeesh\source\repos\deltoshell\commonutils\debug\commonutils.tlog\cl.write.1.tlog
c:\users\zeesh\source\repos\deltoshell\commonutils\debug\commonutils.tlog\lib-link.read.1.tlog
c:\users\zeesh\source\repos\deltoshell\commonutils\debug\commonutils.tlog\lib-link.write.1.tlog
c:\users\zeesh\source\repos\deltoshell\commonutils\debug\commonutils.tlog\lib.command.1.tlog
