c:\users\zeesh\source\repos\deltoshell\commonutils\release\commonutils.pch
c:\users\zeesh\source\repos\deltoshell\commonutils\release\commonutils.pdb
c:\users\zeesh\source\repos\deltoshell\commonutils\release\stdafx.obj
c:\users\zeesh\source\repos\deltoshell\commonutils\release\scopedhandle.obj
c:\users\zeesh\source\repos\deltoshell\commonutils\release\reparsepoint.obj
c:\users\zeesh\source\repos\deltoshell\commonutils\release\registrysymlink.obj
c:\users\zeesh\source\repos\deltoshell\commonutils\release\nativesymlink.obj
c:\users\zeesh\source\repos\deltoshell\commonutils\release\hardlink.obj
c:\users\zeesh\source\repos\deltoshell\commonutils\release\filesymlink.obj
c:\users\zeesh\source\repos\deltoshell\commonutils\release\fileoplock.obj
c:\users\zeesh\source\repos\deltoshell\commonutils\release\directoryobject.obj
c:\users\zeesh\source\repos\deltoshell\commonutils\release\commonutils.obj
c:\users\zeesh\source\repos\deltoshell\output\commonutils.lib
c:\users\zeesh\source\repos\deltoshell\commonutils\..\output\commonutils.lib
c:\users\zeesh\source\repos\deltoshell\commonutils\release\commonutils.tlog\cl.command.1.tlog
c:\users\zeesh\source\repos\deltoshell\commonutils\release\commonutils.tlog\cl.read.1.tlog
c:\users\zeesh\source\repos\deltoshell\commonutils\release\commonutils.tlog\cl.write.1.tlog
c:\users\zeesh\source\repos\deltoshell\commonutils\release\commonutils.tlog\lib-link.read.1.tlog
c:\users\zeesh\source\repos\deltoshell\commonutils\release\commonutils.tlog\lib-link.write.1.tlog
c:\users\zeesh\source\repos\deltoshell\commonutils\release\commonutils.tlog\lib.command.1.tlog
